\BOOKMARK [1][]{section.1}{\376\377\0001\000\040\000P\000r\000o\000b\000l\000e\000m\000\040\0005\000.\0006}{}% 1
\BOOKMARK [2][]{subsection.1.1}{\376\377\0001\000.\0001\000\040\221\315\211\201\123\302\145\160}{section.1}% 2
\BOOKMARK [2][]{subsection.1.2}{\376\377\0001\000.\0002\000\040\173\227\154\325\117\052\116\343\170\001}{section.1}% 3
\BOOKMARK [2][]{subsection.1.3}{\376\377\0001\000.\0003\000\040\213\241\173\227\176\323\147\234\134\125\171\072}{section.1}% 4
\BOOKMARK [2][]{subsection.1.4}{\376\377\0001\000.\0004\000\040\122\006\147\220}{section.1}% 5
\BOOKMARK [1][]{section.2}{\376\377\0002\000\040\000P\000r\000o\000b\000l\000e\000m\000\040\0005\000.\0007}{}% 6
\BOOKMARK [2][]{subsection.2.1}{\376\377\0002\000.\0001\000\040\221\315\211\201\123\302\145\160}{section.2}% 7
\BOOKMARK [2][]{subsection.2.2}{\376\377\0002\000.\0002\000\040\173\227\154\325\117\052\116\343\170\001}{section.2}% 8
\BOOKMARK [2][]{subsection.2.3}{\376\377\0002\000.\0003\000\040\213\241\173\227\176\323\147\234\134\125\171\072}{section.2}% 9
\BOOKMARK [1][]{section.3}{\376\377\0003\000\040\000P\000r\000o\000b\000l\000e\000m\000\040\0005\000.\0008}{}% 10
\BOOKMARK [2][]{subsection.3.1}{\376\377\0003\000.\0001\000\040\221\315\211\201\123\302\145\160}{section.3}% 11
\BOOKMARK [2][]{subsection.3.2}{\376\377\0003\000.\0002\000\040\173\227\154\325\117\052\116\343\170\001}{section.3}% 12
\BOOKMARK [2][]{subsection.3.3}{\376\377\0003\000.\0003\000\040\213\241\173\227\176\323\147\234\134\125\171\072}{section.3}% 13
\BOOKMARK [2][]{subsection.3.4}{\376\377\0003\000.\0004\000\040\140\073\176\323\122\006\147\220}{section.3}% 14
\BOOKMARK [1][]{section.4}{\376\377\0004\000\040\000P\000r\000o\000b\000l\000e\000m\0005\000.\0009}{}% 15
\BOOKMARK [2][]{subsection.4.1}{\376\377\0004\000.\0001\000\040\000R\000o\000s\000e\000n\000b\000r\000o\000c\000k\121\375\145\160\126\376\120\317}{section.4}% 16
\BOOKMARK [2][]{subsection.4.2}{\376\377\0004\000.\0002\000\040\173\227\154\325\117\052\116\343\170\001}{section.4}% 17
\BOOKMARK [2][]{subsection.4.3}{\376\377\0004\000.\0003\000\040\213\241\173\227\176\323\147\234\134\125\171\072}{section.4}% 18
\BOOKMARK [1][]{section.5}{\376\377\0005\000\040\000P\000r\000o\000b\000l\000e\000m\000\040\0005\000.\0001\0009}{}% 19
\BOOKMARK [2][]{subsection.5.1}{\376\377\0005\000.\0001\000\040\173\227\154\325\117\052\116\343\170\001}{section.5}% 20
\BOOKMARK [2][]{subsection.5.2}{\376\377\0005\000.\0002\000\040\213\241\173\227\176\323\147\234\134\125\171\072}{section.5}% 21
\BOOKMARK [1][]{section.6}{\376\377\0006\000\040\000P\000r\000o\000b\000l\000e\000m\000\040\0005\000.\0002\0007}{}% 22
\BOOKMARK [2][]{subsection.6.1}{\376\377\0006\000.\0001\000\040\213\241\173\227\176\323\147\234\134\125\171\072}{section.6}% 23
\BOOKMARK [2][]{subsection.6.2}{\376\377\0006\000.\0002\000\040\173\227\154\325\117\052\116\343\170\001}{section.6}% 24
